#
# A fatal error has been detected by the Java Runtime Environment:
#
#  EXCEPTION_ACCESS_VIOLATION (0xc0000005) at pc=0xffffffffa3745120, pid=504, tid=0x000000000000058c
#
# JRE version: Java(TM) SE Runtime Environment (8.0_144-b01) (build 1.8.0_144-b01)
# Java VM: Java HotSpot(TM) 64-Bit Server VM (25.144-b01 mixed mode windows-amd64 compressed oops)
# Problematic frame:
# C  0xffffffffa3745120
#
# Failed to write core dump. Minidumps are not enabled by default on client versions of Windows
#
# If you would like to submit a bug report, please visit:
#   http://bugreport.java.com/bugreport/crash.jsp
#

---------------  T H R E A D  ---------------

Current thread (0x0000000002118000):  JavaThread "main" [_thread_in_Java, id=1420, stack(0x00000000022a0000,0x00000000023a0000)]

siginfo: ExceptionCode=0xc0000005, ExceptionInformation=0x0000000000000008 0xffffffffa3745120

Registers:
RAX=0x000000000000ca18, RBX=0x0000000054eaa300, RCX=0x0000000000015865, RDX=0x00000000eab00000
RSP=0x000000000239e8b8, RBP=0x000000000239ea88, RSI=0x00000000eaca14f0, RDI=0x00000000000157f9
R8 =0x00000000000157f9, R9 =0x000000000000001e, R10=0x00000000eaca1520, R11=0x000000000000001e
R12=0x0000000000000000, R13=0x0000000000000019, R14=0x00000000eaca1538, R15=0x0000000002118000
RIP=0xffffffffa3745120, EFLAGS=0x0000000000010202

Top of Stack: (sp=0x000000000239e8b8)
0x000000000239e8b8:   000000000295e804 0000000000000000
0x000000000239e8c8:   0000000054ea67c8 0000000000000036
0x000000000239e8d8:   00000000eb14aa38 0000000000000023
0x000000000239e8e8:   0000000000000000 0000000000000000
0x000000000239e8f8:   0000000002118000 0000000000000000
0x000000000239e908:   0000000054ea6488 0000000002118000
0x000000000239e918:   0000000054ea6488 0000000002118000
0x000000000239e928:   000000000239ea48 000000000275eceb
0x000000000239e938:   0000000002745410 0000000000000000
0x000000000239e948:   000000000239ea88 000000000239ea48
0x000000000239e958:   0000000054af21c5 000000000239e9c8
0x000000000239e968:   0000000002118000 00015809000157ed
0x000000000239e978:   00000000eb14a5a8 00000000eac791c8
0x000000000239e988:   00000000eac79200 0001582f00015848
0x000000000239e998:   0001580a00015866 000000000001581b
0x000000000239e9a8:   00000000eb14a9e0 00000000eaca1260 

Instructions: (pc=0xffffffffa3745120)
0xffffffffa3745100:   
[error occurred during error reporting (printing registers, top of stack, instructions near pc), id 0xc0000005]

Register to memory mapping:

RAX=0x000000000000ca18 is an unknown value
RBX=0x0000000054eaa300 is pointing into metadata
RCX=0x0000000000015865 is an unknown value
RDX=0x00000000eab00000 is an oop
[B 
 - klass: {type array byte}
 - length: 1544630
RSP=0x000000000239e8b8 is pointing into the stack for thread: 0x0000000002118000
RBP=0x000000000239ea88 is pointing into the stack for thread: 0x0000000002118000
RSI=0x00000000eaca14f0 is an oop
com.sun.tools.javac.file.ZipFileIndex$Entry 
 - klass: 'com/sun/tools/javac/file/ZipFileIndex$Entry'
RDI=0x00000000000157f9 is an unknown value
R8 =0x00000000000157f9 is an unknown value
R9 =0x000000000000001e is an unknown value
R10=0x00000000eaca1520 is an oop
java.lang.String 
 - klass: 'java/lang/String'
R11=0x000000000000001e is an unknown value
R12=0x0000000000000000 is an unknown value
R13=0x0000000000000019 is an unknown value
R14=0x00000000eaca1538 is an oop
[C 
 - klass: {type array char}
 - length: 30
R15=0x0000000002118000 is a thread


Stack: [0x00000000022a0000,0x00000000023a0000],  sp=0x000000000239e8b8,  free space=1018k
Native frames: (J=compiled Java code, j=interpreted, Vv=VM code, C=native code)
C  0xffffffffa3745120


---------------  P R O C E S S  ---------------

Java Threads: ( => current thread )
  0x00000000566b4800 JavaThread "Service Thread" daemon [_thread_blocked, id=2884, stack(0x0000000057010000,0x0000000057110000)]
  0x000000005663c800 JavaThread "C1 CompilerThread2" daemon [_thread_blocked, id=444, stack(0x0000000056d70000,0x0000000056e70000)]
  0x000000005663b000 JavaThread "C2 CompilerThread1" daemon [_thread_blocked, id=1380, stack(0x0000000056370000,0x0000000056470000)]
  0x0000000056632800 JavaThread "C2 CompilerThread0" daemon [_thread_in_native, id=3564, stack(0x0000000056150000,0x0000000056250000)]
  0x0000000055193800 JavaThread "Attach Listener" daemon [_thread_blocked, id=4964, stack(0x0000000056c40000,0x0000000056d40000)]
  0x0000000055192800 JavaThread "Signal Dispatcher" daemon [_thread_blocked, id=4924, stack(0x0000000056a90000,0x0000000056b90000)]
  0x000000005517b000 JavaThread "Finalizer" daemon [_thread_blocked, id=2964, stack(0x0000000056530000,0x0000000056630000)]
  0x0000000055133800 JavaThread "Reference Handler" daemon [_thread_blocked, id=4412, stack(0x0000000056260000,0x0000000056360000)]
=>0x0000000002118000 JavaThread "main" [_thread_in_Java, id=1420, stack(0x00000000022a0000,0x00000000023a0000)]

Other Threads:
  0x000000005512b800 VMThread [stack: 0x0000000056050000,0x0000000056150000] [id=4824]
  0x00000000566b9000 WatcherThread [stack: 0x0000000056ed0000,0x0000000056fd0000] [id=2848]

VM state:not at safepoint (normal execution)

VM Mutex/Monitor currently owned by a thread: None

Heap:
 PSYoungGen      total 6656K, used 2234K [0x00000000eab00000, 0x00000000ebb00000, 0x0000000100000000)
  eden space 6144K, 28% used [0x00000000eab00000,0x00000000eacb69f8,0x00000000eb100000)
  from space 512K, 93% used [0x00000000eb100000,0x00000000eb178020,0x00000000eb180000)
  to   space 2048K, 0% used [0x00000000eb900000,0x00000000eb900000,0x00000000ebb00000)
 ParOldGen       total 5632K, used 2386K [0x00000000c0000000, 0x00000000c0580000, 0x00000000eab00000)
  object space 5632K, 42% used [0x00000000c0000000,0x00000000c0254a60,0x00000000c0580000)
 Metaspace       used 7460K, capacity 8180K, committed 8448K, reserved 1056768K
  class space    used 915K, capacity 944K, committed 1024K, reserved 1048576K

Card table byte_map: [0x0000000011b00000,0x0000000011d10000] byte_map_base: 0x0000000011500000

Marking Bits: (ParMarkBitMap*) 0x000000006bcbd850
 Begin Bits: [0x00000000125a0000, 0x00000000135a0000)
 End Bits:   [0x00000000135a0000, 0x00000000145a0000)

Polling page: 0x0000000001b60000

CodeCache: size=245760Kb used=2190Kb max_used=2196Kb free=243569Kb
 bounds [0x0000000002740000, 0x00000000029b0000, 0x0000000011740000]
 total_blobs=711 nmethods=427 adapters=199
 compilation: enabled

Compilation events (10 events):
Event: 0.621 Thread 0x000000005663b000  425       4       com.sun.tools.javac.file.ZipFileIndex::get4ByteLittleEndian (47 bytes)
Event: 0.621 Thread 0x0000000056632800  426 %     4       com.sun.tools.javac.file.ZipFileIndex$ZipDirectory::readEntry @ 102 (587 bytes)
Event: 0.622 Thread 0x000000005663c800 nmethod 423 0x0000000002961e90 code [0x0000000002962080, 0x0000000002962b98]
Event: 0.622 Thread 0x000000005663c800  424       3       com.sun.tools.javac.file.RelativePath::<init> (10 bytes)
Event: 0.622 Thread 0x000000005663c800 nmethod 424 0x0000000002964550 code [0x00000000029646a0, 0x0000000002964870]
Event: 0.622 Thread 0x000000005663c800  427       3       com.sun.tools.javac.file.ZipFileIndex::getRelativeDirectory (62 bytes)
Event: 0.622 Thread 0x000000005663b000 nmethod 425 0x00000000029660d0 code [0x0000000002966200, 0x00000000029662d8]
Event: 0.623 Thread 0x000000005663c800 nmethod 427 0x0000000002963610 code [0x0000000002963800, 0x00000000029641c8]
Event: 0.623 Thread 0x000000005663c800  428       3       java.util.AbstractList::<init> (10 bytes)
Event: 0.623 Thread 0x000000005663c800 nmethod 428 0x00000000029631d0 code [0x0000000002963340, 0x0000000002963550]

GC Heap History (10 events):
Event: 0.192 GC heap before
{Heap before GC invocations=1 (full 0):
 PSYoungGen      total 2048K, used 1536K [0x00000000eab00000, 0x00000000ead80000, 0x0000000100000000)
  eden space 1536K, 100% used [0x00000000eab00000,0x00000000eac80000,0x00000000eac80000)
  from space 512K, 0% used [0x00000000ead00000,0x00000000ead00000,0x00000000ead80000)
  to   space 512K, 0% used [0x00000000eac80000,0x00000000eac80000,0x00000000ead00000)
 ParOldGen       total 5632K, used 0K [0x00000000c0000000, 0x00000000c0580000, 0x00000000eab00000)
  object space 5632K, 0% used [0x00000000c0000000,0x00000000c0000000,0x00000000c0580000)
 Metaspace       used 3471K, capacity 4812K, committed 5120K, reserved 1056768K
  class space    used 401K, capacity 456K, committed 512K, reserved 1048576K
Event: 0.195 GC heap after
Heap after GC invocations=1 (full 0):
 PSYoungGen      total 2048K, used 512K [0x00000000eab00000, 0x00000000eaf00000, 0x0000000100000000)
  eden space 1536K, 0% used [0x00000000eab00000,0x00000000eab00000,0x00000000eac80000)
  from space 512K, 100% used [0x00000000eac80000,0x00000000ead00000,0x00000000ead00000)
  to   space 512K, 0% used [0x00000000eae80000,0x00000000eae80000,0x00000000eaf00000)
 ParOldGen       total 5632K, used 32K [0x00000000c0000000, 0x00000000c0580000, 0x00000000eab00000)
  object space 5632K, 0% used [0x00000000c0000000,0x00000000c0008000,0x00000000c0580000)
 Metaspace       used 3471K, capacity 4812K, committed 5120K, reserved 1056768K
  class space    used 401K, capacity 456K, committed 512K, reserved 1048576K
}
Event: 0.243 GC heap before
{Heap before GC invocations=2 (full 0):
 PSYoungGen      total 2048K, used 2048K [0x00000000eab00000, 0x00000000eaf00000, 0x0000000100000000)
  eden space 1536K, 100% used [0x00000000eab00000,0x00000000eac80000,0x00000000eac80000)
  from space 512K, 100% used [0x00000000eac80000,0x00000000ead00000,0x00000000ead00000)
  to   space 512K, 0% used [0x00000000eae80000,0x00000000eae80000,0x00000000eaf00000)
 ParOldGen       total 5632K, used 32K [0x00000000c0000000, 0x00000000c0580000, 0x00000000eab00000)
  object space 5632K, 0% used [0x00000000c0000000,0x00000000c0008000,0x00000000c0580000)
 Metaspace       used 4197K, capacity 5388K, committed 5760K, reserved 1056768K
  class space    used 500K, capacity 520K, committed 640K, reserved 1048576K
Event: 0.246 GC heap after
Heap after GC invocations=2 (full 0):
 PSYoungGen      total 3584K, used 496K [0x00000000eab00000, 0x00000000eaf00000, 0x0000000100000000)
  eden space 3072K, 0% used [0x00000000eab00000,0x00000000eab00000,0x00000000eae00000)
  from space 512K, 96% used [0x00000000eae80000,0x00000000eaefc010,0x00000000eaf00000)
  to   space 512K, 0% used [0x00000000eae00000,0x00000000eae00000,0x00000000eae80000)
 ParOldGen       total 5632K, used 104K [0x00000000c0000000, 0x00000000c0580000, 0x00000000eab00000)
  object space 5632K, 1% used [0x00000000c0000000,0x00000000c001a000,0x00000000c0580000)
 Metaspace       used 4197K, capacity 5388K, committed 5760K, reserved 1056768K
  class space    used 500K, capacity 520K, committed 640K, reserved 1048576K
}
Event: 0.335 GC heap before
{Heap before GC invocations=3 (full 0):
 PSYoungGen      total 3584K, used 3518K [0x00000000eab00000, 0x00000000eaf00000, 0x0000000100000000)
  eden space 3072K, 98% used [0x00000000eab00000,0x00000000eadf3bd8,0x00000000eae00000)
  from space 512K, 96% used [0x00000000eae80000,0x00000000eaefc010,0x00000000eaf00000)
  to   space 512K, 0% used [0x00000000eae00000,0x00000000eae00000,0x00000000eae80000)
 ParOldGen       total 5632K, used 104K [0x00000000c0000000, 0x00000000c0580000, 0x00000000eab00000)
  object space 5632K, 1% used [0x00000000c0000000,0x00000000c001a000,0x00000000c0580000)
 Metaspace       used 5154K, capacity 6292K, committed 6656K, reserved 1056768K
  class space    used 635K, capacity 656K, committed 768K, reserved 1048576K
Event: 0.337 GC heap after
Heap after GC invocations=3 (full 0):
 PSYoungGen      total 3584K, used 495K [0x00000000eab00000, 0x00000000eb200000, 0x0000000100000000)
  eden space 3072K, 0% used [0x00000000eab00000,0x00000000eab00000,0x00000000eae00000)
  from space 512K, 96% used [0x00000000eae00000,0x00000000eae7bc40,0x00000000eae80000)
  to   space 512K, 0% used [0x00000000eb180000,0x00000000eb180000,0x00000000eb200000)
 ParOldGen       total 5632K, used 628K [0x00000000c0000000, 0x00000000c0580000, 0x00000000eab00000)
  object space 5632K, 11% used [0x00000000c0000000,0x00000000c009d030,0x00000000c0580000)
 Metaspace       used 5154K, capacity 6292K, committed 6656K, reserved 1056768K
  class space    used 635K, capacity 656K, committed 768K, reserved 1048576K
}
Event: 0.435 GC heap before
{Heap before GC invocations=4 (full 0):
 PSYoungGen      total 3584K, used 3567K [0x00000000eab00000, 0x00000000eb200000, 0x0000000100000000)
  eden space 3072K, 100% used [0x00000000eab00000,0x00000000eae00000,0x00000000eae00000)
  from space 512K, 96% used [0x00000000eae00000,0x00000000eae7bc40,0x00000000eae80000)
  to   space 512K, 0% used [0x00000000eb180000,0x00000000eb180000,0x00000000eb200000)
 ParOldGen       total 5632K, used 628K [0x00000000c0000000, 0x00000000c0580000, 0x00000000eab00000)
  object space 5632K, 11% used [0x00000000c0000000,0x00000000c009d030,0x00000000c0580000)
 Metaspace       used 6250K, capacity 7284K, committed 7552K, reserved 1056768K
  class space    used 785K, capacity 816K, committed 896K, reserved 1048576K
Event: 0.439 GC heap after
Heap after GC invocations=4 (full 0):
 PSYoungGen      total 6656K, used 480K [0x00000000eab00000, 0x00000000eb200000, 0x0000000100000000)
  eden space 6144K, 0% used [0x00000000eab00000,0x00000000eab00000,0x00000000eb100000)
  from space 512K, 93% used [0x00000000eb180000,0x00000000eb1f8020,0x00000000eb200000)
  to   space 512K, 0% used [0x00000000eb100000,0x00000000eb100000,0x00000000eb180000)
 ParOldGen       total 5632K, used 928K [0x00000000c0000000, 0x00000000c0580000, 0x00000000eab00000)
  object space 5632K, 16% used [0x00000000c0000000,0x00000000c00e8070,0x00000000c0580000)
 Metaspace       used 6250K, capacity 7284K, committed 7552K, reserved 1056768K
  class space    used 785K, capacity 816K, committed 896K, reserved 1048576K
}
Event: 0.608 GC heap before
{Heap before GC invocations=5 (full 0):
 PSYoungGen      total 6656K, used 5276K [0x00000000eab00000, 0x00000000eb200000, 0x0000000100000000)
  eden space 6144K, 78% used [0x00000000eab00000,0x00000000eafaf280,0x00000000eb100000)
  from space 512K, 93% used [0x00000000eb180000,0x00000000eb1f8020,0x00000000eb200000)
  to   space 512K, 0% used [0x00000000eb100000,0x00000000eb100000,0x00000000eb180000)
 ParOldGen       total 5632K, used 928K [0x00000000c0000000, 0x00000000c0580000, 0x00000000eab00000)
  object space 5632K, 16% used [0x00000000c0000000,0x00000000c00e8070,0x00000000c0580000)
 Metaspace       used 7459K, capacity 8180K, committed 8448K, reserved 1056768K
  class space    used 915K, capacity 944K, committed 1024K, reserved 1048576K
Event: 0.616 GC heap after
Heap after GC invocations=5 (full 0):
 PSYoungGen      total 6656K, used 480K [0x00000000eab00000, 0x00000000ebb00000, 0x0000000100000000)
  eden space 6144K, 0% used [0x00000000eab00000,0x00000000eab00000,0x00000000eb100000)
  from space 512K, 93% used [0x00000000eb100000,0x00000000eb178020,0x00000000eb180000)
  to   space 2048K, 0% used [0x00000000eb900000,0x00000000eb900000,0x00000000ebb00000)
 ParOldGen       total 5632K, used 2386K [0x00000000c0000000, 0x00000000c0580000, 0x00000000eab00000)
  object space 5632K, 42% used [0x00000000c0000000,0x00000000c0254a60,0x00000000c0580000)
 Metaspace       used 7459K, capacity 8180K, committed 8448K, reserved 1056768K
  class space    used 915K, capacity 944K, committed 1024K, reserved 1048576K
}

Deoptimization events (6 events):
Event: 0.417 Thread 0x0000000002118000 Uncommon trap: reason=null_check action=make_not_entrant pc=0x00000000028c51a8 method=java.lang.String.equals(Ljava/lang/Object;)Z @ 8
Event: 0.511 Thread 0x0000000002118000 Uncommon trap: reason=unstable_if action=reinterpret pc=0x0000000002900554 method=java.lang.String.<init>([CII)V @ 18
Event: 0.530 Thread 0x0000000002118000 Uncommon trap: reason=unstable_if action=reinterpret pc=0x00000000028bc10c method=java.lang.String.replace(CC)Ljava/lang/String; @ 26
Event: 0.536 Thread 0x0000000002118000 Uncommon trap: reason=unstable_if action=reinterpret pc=0x0000000002881464 method=java.lang.String.startsWith(Ljava/lang/String;I)Z @ 25
Event: 0.537 Thread 0x0000000002118000 Uncommon trap: reason=unloaded action=reinterpret pc=0x0000000002906774 method=sun.misc.URLClassPath$JarLoader.getResource(Ljava/lang/String;Z)Lsun/misc/Resource; @ 67
Event: 0.544 Thread 0x0000000002118000 Uncommon trap: reason=class_check action=maybe_recompile pc=0x00000000028f0f6c method=sun.misc.URLClassPath.getLoader(I)Lsun/misc/URLClassPath$Loader; @ 94

Internal exceptions (9 events):
Event: 0.051 Thread 0x0000000002118000 Exception <a 'java/lang/NoSuchMethodError': Method sun.misc.Unsafe.defineClass(Ljava/lang/String;[BII)Ljava/lang/Class; name or signature does not match> (0x00000000eab07cd8) thrown at [C:\re\workspace\8-2-build-windows-amd64-cygwin\jdk8u144\9417\hotspot\
Event: 0.051 Thread 0x0000000002118000 Exception <a 'java/lang/NoSuchMethodError': Method sun.misc.Unsafe.prefetchRead(Ljava/lang/Object;J)V name or signature does not match> (0x00000000eab07fc0) thrown at [C:\re\workspace\8-2-build-windows-amd64-cygwin\jdk8u144\9417\hotspot\src\share\vm\prims
Event: 0.192 Thread 0x0000000002118000 Exception <a 'java/security/PrivilegedActionException'> (0x00000000eac7d850) thrown at [C:\re\workspace\8-2-build-windows-amd64-cygwin\jdk8u144\9417\hotspot\src\share\vm\prims\jvm.cpp, line 1390]
Event: 0.192 Thread 0x0000000002118000 Exception <a 'java/security/PrivilegedActionException'> (0x00000000eac7dc48) thrown at [C:\re\workspace\8-2-build-windows-amd64-cygwin\jdk8u144\9417\hotspot\src\share\vm\prims\jvm.cpp, line 1390]
Event: 0.195 Thread 0x0000000002118000 Exception <a 'java/security/PrivilegedActionException'> (0x00000000eab01d50) thrown at [C:\re\workspace\8-2-build-windows-amd64-cygwin\jdk8u144\9417\hotspot\src\share\vm\prims\jvm.cpp, line 1390]
Event: 0.195 Thread 0x0000000002118000 Exception <a 'java/security/PrivilegedActionException'> (0x00000000eab02148) thrown at [C:\re\workspace\8-2-build-windows-amd64-cygwin\jdk8u144\9417\hotspot\src\share\vm\prims\jvm.cpp, line 1390]
Event: 0.201 Thread 0x0000000002118000 Exception <a 'java/security/PrivilegedActionException'> (0x00000000eab377e0) thrown at [C:\re\workspace\8-2-build-windows-amd64-cygwin\jdk8u144\9417\hotspot\src\share\vm\prims\jvm.cpp, line 1390]
Event: 0.201 Thread 0x0000000002118000 Exception <a 'java/security/PrivilegedActionException'> (0x00000000eab37bd8) thrown at [C:\re\workspace\8-2-build-windows-amd64-cygwin\jdk8u144\9417\hotspot\src\share\vm\prims\jvm.cpp, line 1390]
Event: 0.417 Thread 0x0000000002118000 Implicit null exception at 0x00000000028c4fd2 to 0x00000000028c5199

Events (10 events):
Event: 0.605 loading class java/util/Arrays$LegacyMergeSort
Event: 0.605 loading class java/util/Arrays$LegacyMergeSort done
Event: 0.605 loading class sun/security/action/GetBooleanAction
Event: 0.605 loading class sun/security/action/GetBooleanAction done
Event: 0.605 loading class java/util/ComparableTimSort
Event: 0.605 loading class java/util/ComparableTimSort done
Event: 0.607 loading class java/io/RandomAccessFile$1
Event: 0.607 loading class java/io/RandomAccessFile$1 done
Event: 0.608 Executing VM operation: ParallelGCFailedAllocation
Event: 0.616 Executing VM operation: ParallelGCFailedAllocation done


Dynamic libraries:
0x000000013fc40000 - 0x000000013fc47000 	C:\Program Files\Java\jdk1.8.0_144\bin\javac.exe
0x0000000077b30000 - 0x0000000077cda000 	C:\Windows\SYSTEM32\ntdll.dll
0x0000000077910000 - 0x0000000077a2f000 	C:\Windows\system32\kernel32.dll
0x000007fefdb30000 - 0x000007fefdb9a000 	C:\Windows\system32\KERNELBASE.dll
0x000000006bd40000 - 0x000000006bd6f000 	C:\Program Files\Java\jdk1.8.0_144\bin\jli.dll
0x000007fefe990000 - 0x000007fefea6b000 	C:\Windows\system32\ADVAPI32.dll
0x000007fefdbe0000 - 0x000007fefdc7f000 	C:\Windows\system32\msvcrt.dll
0x000007fefe2f0000 - 0x000007fefe30f000 	C:\Windows\SYSTEM32\sechost.dll
0x000007fefe310000 - 0x000007fefe43d000 	C:\Windows\system32\RPCRT4.dll
0x000007fefc0f0000 - 0x000007fefc2e4000 	C:\Windows\WinSxS\amd64_microsoft.windows.common-controls_6595b64144ccf1df_6.0.7601.18837_none_fa3b1e3d17594757\COMCTL32.dll
0x000007fefea70000 - 0x000007fefead7000 	C:\Windows\system32\GDI32.dll
0x0000000077a30000 - 0x0000000077b2a000 	C:\Windows\system32\USER32.dll
0x000007fefdea0000 - 0x000007fefdeae000 	C:\Windows\system32\LPK.dll
0x000007feffd40000 - 0x000007feffe0b000 	C:\Windows\system32\USP10.dll
0x000007fefde10000 - 0x000007fefde81000 	C:\Windows\system32\SHLWAPI.dll
0x0000000069450000 - 0x0000000069522000 	C:\Program Files\Java\jdk1.8.0_144\bin\MSVCR100.dll
0x000007feffe10000 - 0x000007feffe3e000 	C:\Windows\system32\IMM32.DLL
0x000007fefe1e0000 - 0x000007fefe2e9000 	C:\Windows\system32\MSCTF.dll
0x000000006c7c0000 - 0x000000006c892000 	C:\Program Files\Java\jdk1.8.0_144\jre\bin\msvcr100.dll
0x000000006b4a0000 - 0x000000006bd3d000 	C:\Program Files\Java\jdk1.8.0_144\jre\bin\server\jvm.dll
0x000007feed070000 - 0x000007feed079000 	C:\Windows\system32\WSOCK32.dll
0x000007feffb10000 - 0x000007feffb5d000 	C:\Windows\system32\WS2_32.dll
0x000007fefde90000 - 0x000007fefde98000 	C:\Windows\system32\NSI.dll
0x000007fef7980000 - 0x000007fef79bb000 	C:\Windows\system32\WINMM.dll
0x000007fefc8e0000 - 0x000007fefc8ec000 	C:\Windows\system32\VERSION.dll
0x0000000077d00000 - 0x0000000077d07000 	C:\Windows\system32\PSAPI.DLL
0x0000000071610000 - 0x000000007161f000 	C:\Program Files\Java\jdk1.8.0_144\jre\bin\verify.dll
0x000000006ebd0000 - 0x000000006ebf9000 	C:\Program Files\Java\jdk1.8.0_144\jre\bin\java.dll
0x000000006f890000 - 0x000000006f8a6000 	C:\Program Files\Java\jdk1.8.0_144\jre\bin\zip.dll
0x000007fefece0000 - 0x000007feffa6a000 	C:\Windows\system32\SHELL32.dll
0x000007fefeae0000 - 0x000007fefecdc000 	C:\Windows\system32\ole32.dll
0x000007fefd820000 - 0x000007fefd82f000 	C:\Windows\system32\profapi.dll
0x000007fef6f90000 - 0x000007fef70b5000 	C:\Windows\system32\dbghelp.dll

VM Arguments:
jvm_args: -Dapplication.home=C:\Program Files\Java\jdk1.8.0_144 -Xms8m 
java_command: com.sun.tools.javac.Main -d C:\Users\Administrador\Documents\NetBeansProjects\escritoriortrasguerra\escritorioguerra\build\classes -classpath C:\Users\Administrador\Documents\NetBeansProjects\escritoriortrasguerra\escritorioguerra\build\classes;C:\Users\Administrador\Documents\NetBeansProjects\escritoriortrasguerra\escritorioguerra\lib\beans-binding\beansbinding-1.2.1.jar;C:\Users\Administrador\Documents\NetBeansProjects\escritoriortrasguerra\escritorioguerra\lib\MySQLDriver\mysql-connector-java-5.1.23-bin.jar;C:\Users\Administrador\Documents\NetBeansProjects\escritoriortrasguerra\escritorioguerra\lib\eclipselink\eclipselink.jar;C:\Users\Administrador\Documents\NetBeansProjects\escritoriortrasguerra\escritorioguerra\lib\eclipselink\javax.persistence_2.1.0.v201304241213.jar;C:\Users\Administrador\Documents\NetBeansProjects\escritoriortrasguerra\escritorioguerra\lib\eclipselink\org.eclipse.persistence.jpa.jpql_2.5.2.v20140319-9ad6abd.jar;C:\Users\Administrador\Documents\NetBeansProjects\escritoriortrasguerra\escritorioguerra\lib\absolutelayout\AbsoluteLayout.jar -sourcepath C:\Users\Administrador\Documents\NetBeansProjects\escritoriortrasguerra\escritorioguerra\build\empty -target 1.7 -encoding UTF-8 -g -processorpath C:\Users\Administrador\Documents\NetBeansProjects\escritoriortrasguerra\escritorioguerra\lib\beans-binding\beansbinding-1.2.1.jar;C:\Users\Administrador\Documents\NetBeansProjects\escritoriortrasguerra\escritorioguerra\lib\MySQLDriver\mysql-connector-java-5.1.23-bin.jar;C:\Users\Administrador\Documents\NetBeansProjects\escritoriortrasguerra\escritorioguerra\lib\eclipselink\eclipselink.jar;C:\Users\Administrador\Documents\NetBeansProjects\escritoriortrasguerra\escritorioguerra\lib\eclipselink\javax.persistence_2.1.0.v201304241213.jar;C:\Users\Administrador\Documents\NetBeansProjects\escritoriortrasguerra\escritorioguerra\lib\eclipselink\org.eclipse.persistence.jpa.jpql_2.5.2.v20140319-9ad6abd.jar;C:\Users\Administrador\Documents\NetBeansPr
java_class_path (initial): C:\Program Files\Java\jdk1.8.0_144/lib/tools.jar;C:\Program Files\Java\jdk1.8.0_144/classes
Launcher Type: SUN_STANDARD

Environment Variables:
PATH=C:\ProgramData\Oracle\Java\javapath;C:\Program Files (x86)\NVIDIA Corporation\PhysX\Common;C:\Windows\system32;C:\Windows;C:\Windows\System32\Wbem;C:\Windows\System32\WindowsPowerShell\v1.0\;C:\Program Files\MySQL\MySQL Utilities 1.6\;C:\Program Files (x86)\Autodesk\Backburner\;C:\Program Files\Common Files\Autodesk Shared\
USERNAME=Administrador
OS=Windows_NT
PROCESSOR_IDENTIFIER=Intel64 Family 6 Model 15 Stepping 11, GenuineIntel



---------------  S Y S T E M  ---------------

OS: Windows 7 , 64 bit Build 7601 (6.1.7601.23915)

CPU:total 4 (initial active 4) (4 cores per cpu, 1 threads per core) family 6 model 15 stepping 11, cmov, cx8, fxsr, mmx, sse, sse2, sse3, ssse3, tsc

Memory: 4k page, physical 4191716k(1214460k free), swap 8381572k(5768936k free)

vm_info: Java HotSpot(TM) 64-Bit Server VM (25.144-b01) for windows-amd64 JRE (1.8.0_144-b01), built on Jul 21 2017 21:57:33 by "java_re" with MS VC++ 10.0 (VS2010)

time: Sun Nov 26 17:32:54 2017
elapsed time: 0 seconds (0d 0h 0m 0s)

